<?xml version="1.0" encoding="UTF-8"?>
<!-- Generated by org.testng.reporters.JUnitReportReporter -->
<testsuite hostname="Akshay-PC" failures="0" tests="1" name="businessScript.Login" time="0.019" errors="0" timestamp="2023-06-04T14:13:33 IST" skipped="0">
  <testcase classname="businessScript.Login" name="login" time="0.019"/>
  <system-out/>
</testsuite> <!-- businessScript.Login -->
