<?xml version="1.0" encoding="UTF-8"?>
<!-- Generated by org.testng.reporters.JUnitReportReporter -->
<testsuite hostname="Akshay-PC" failures="0" tests="1" name="utility.BaseUtils" time="34.774" errors="0" timestamp="2023-07-22T14:13:37 IST" skipped="0">
  <testcase classname="utility.BaseUtils" name="login" time="34.774"/>
  <system-out/>
</testsuite> <!-- utility.BaseUtils -->
