<?xml version="1.0" encoding="UTF-8"?>
<!-- Generated by org.testng.reporters.JUnitReportReporter -->
<testsuite hostname="Akshay-PC" failures="0" tests="1" name="utility.BaseUtils" time="21.169" errors="0" timestamp="2023-07-02T14:07:19 IST" skipped="0">
  <testcase classname="utility.BaseUtils" name="login" time="21.169"/>
  <system-out/>
</testsuite> <!-- utility.BaseUtils -->
